Build started 7/23/2014 1:09:39 AM.
     1>Project "C:\Users\Misbah\Documents\GitHub\Resume-Maker\ResumeMaker\ResumeMaker\ResumeMaker.vcxproj" on node 2 (rebuild target(s)).
     1>_PrepareForClean:
         Deleting file "Debug\ResumeMaker.lastbuildstate".
       InitializeBuildStatus:
         Creating "Debug\ResumeMaker.unsuccessfulbuild" because "AlwaysCreate" was specified.
       ClCompile:
         c:\Program Files (x86)\Microsoft Visual Studio 10.0\VC\bin\CL.exe /c /ZI /nologo /W3 /WX- /Od /Oy- /D _MBCS /Gm /EHsc /RTC1 /MDd /GS /fp:precise /Zc:wchar_t /Zc:forScope /Fo"Debug\\" /Fd"Debug\vc100.pdb" /Gd /TC /analyze- /errorReport:prompt function.c main.c
         main.c
     1>c:\users\misbah\documents\github\resume-maker\resumemaker\resumemaker\main.c(12): warning C4101: 'mainBuffer' : unreferenced local variable
         function.c
     1>c:\users\misbah\documents\github\resume-maker\resumemaker\resumemaker\function.c(18): warning C4996: 'fopen': This function or variable may be unsafe. Consider using fopen_s instead. To disable deprecation, use _CRT_SECURE_NO_WARNINGS. See online help for details.
                 c:\program files (x86)\microsoft visual studio 10.0\vc\include\stdio.h(234) : see declaration of 'fopen'
         Generating Code...
       Link:
         c:\Program Files (x86)\Microsoft Visual Studio 10.0\VC\bin\link.exe /ERRORREPORT:PROMPT /OUT:"C:\Users\Misbah\Documents\GitHub\Resume-Maker\ResumeMaker\Debug\ResumeMaker.exe" /NOLOGO kernel32.lib user32.lib gdi32.lib winspool.lib comdlg32.lib advapi32.lib shell32.lib ole32.lib oleaut32.lib uuid.lib odbc32.lib odbccp32.lib /MANIFEST /ManifestFile:"Debug\ResumeMaker.exe.intermediate.manifest" /MANIFESTUAC:"level='asInvoker' uiAccess='false'" /DEBUG /PDB:"C:\Users\Misbah\Documents\GitHub\Resume-Maker\ResumeMaker\Debug\ResumeMaker.pdb" /TLBID:1 /DYNAMICBASE /NXCOMPAT /IMPLIB:"C:\Users\Misbah\Documents\GitHub\Resume-Maker\ResumeMaker\Debug\ResumeMaker.lib" /MACHINE:X86 Debug\function.obj
         Debug\main.obj
         ResumeMaker.vcxproj -> C:\Users\Misbah\Documents\GitHub\Resume-Maker\ResumeMaker\Debug\ResumeMaker.exe
       Manifest:
         c:\Program Files (x86)\Microsoft SDKs\Windows\v7.0A\bin\mt.exe /nologo /verbose /outputresource:"C:\Users\Misbah\Documents\GitHub\Resume-Maker\ResumeMaker\Debug\ResumeMaker.exe;#1" /manifest Debug\ResumeMaker.exe.intermediate.manifest
       FinalizeBuildStatus:
         Deleting file "Debug\ResumeMaker.unsuccessfulbuild".
         Touching "Debug\ResumeMaker.lastbuildstate".
     1>Done Building Project "C:\Users\Misbah\Documents\GitHub\Resume-Maker\ResumeMaker\ResumeMaker\ResumeMaker.vcxproj" (rebuild target(s)).

Build succeeded.

Time Elapsed 00:00:00.53
