C:\USERS\MISBAH\DOCUMENTS\GITHUB\RESUME-MAKER\RESUMEMAKER\DEBUG\RESUMEMAKER.EXE
C:\USERS\MISBAH\DOCUMENTS\GITHUB\RESUME-MAKER\RESUMEMAKER\DEBUG\RESUMEMAKER.ILK
C:\USERS\MISBAH\DOCUMENTS\GITHUB\RESUME-MAKER\RESUMEMAKER\DEBUG\RESUMEMAKER.PDB
C:\Users\Misbah\Documents\GitHub\Resume-Maker\ResumeMaker\ResumeMaker\Debug\cl.command.1.tlog
C:\Users\Misbah\Documents\GitHub\Resume-Maker\ResumeMaker\ResumeMaker\Debug\CL.read.1.tlog
C:\Users\Misbah\Documents\GitHub\Resume-Maker\ResumeMaker\ResumeMaker\Debug\CL.write.1.tlog
C:\USERS\MISBAH\DOCUMENTS\GITHUB\RESUME-MAKER\RESUMEMAKER\RESUMEMAKER\DEBUG\FUNCTION.OBJ
C:\Users\Misbah\Documents\GitHub\Resume-Maker\ResumeMaker\ResumeMaker\Debug\link.command.1.tlog
C:\Users\Misbah\Documents\GitHub\Resume-Maker\ResumeMaker\ResumeMaker\Debug\link.read.1.tlog
C:\Users\Misbah\Documents\GitHub\Resume-Maker\ResumeMaker\ResumeMaker\Debug\link.write.1.tlog
C:\USERS\MISBAH\DOCUMENTS\GITHUB\RESUME-MAKER\RESUMEMAKER\RESUMEMAKER\DEBUG\MAIN.OBJ
C:\Users\Misbah\Documents\GitHub\Resume-Maker\ResumeMaker\ResumeMaker\Debug\mt.command.1.tlog
C:\Users\Misbah\Documents\GitHub\Resume-Maker\ResumeMaker\ResumeMaker\Debug\mt.read.1.tlog
C:\Users\Misbah\Documents\GitHub\Resume-Maker\ResumeMaker\ResumeMaker\Debug\mt.write.1.tlog
C:\USERS\MISBAH\DOCUMENTS\GITHUB\RESUME-MAKER\RESUMEMAKER\RESUMEMAKER\DEBUG\RESUMEMAKER.EXE.INTERMEDIATE.MANIFEST
C:\Users\Misbah\Documents\GitHub\Resume-Maker\ResumeMaker\ResumeMaker\Debug\ResumeMaker.vcxprojResolveAssemblyReference.cache
C:\Users\Misbah\Documents\GitHub\Resume-Maker\ResumeMaker\ResumeMaker\Debug\ResumeMaker.write.1.tlog
C:\Users\Misbah\Documents\GitHub\Resume-Maker\ResumeMaker\ResumeMaker\Debug\vc100.idb
C:\USERS\MISBAH\DOCUMENTS\GITHUB\RESUME-MAKER\RESUMEMAKER\RESUMEMAKER\DEBUG\VC100.PDB
D:\PROGRAMS\GITHUB\RESUME-MAKER\RESUMEMAKER\DEBUG\RESUMEMAKER.EXE
D:\PROGRAMS\GITHUB\RESUME-MAKER\RESUMEMAKER\DEBUG\RESUMEMAKER.ILK
D:\PROGRAMS\GITHUB\RESUME-MAKER\RESUMEMAKER\DEBUG\RESUMEMAKER.PDB
D:\PROGRAMS\GITHUB\RESUME-MAKER\RESUMEMAKER\RESUMEMAKER\DEBUG\FUNCTION.OBJ
D:\PROGRAMS\GITHUB\RESUME-MAKER\RESUMEMAKER\RESUMEMAKER\DEBUG\MAIN.OBJ
D:\PROGRAMS\GITHUB\RESUME-MAKER\RESUMEMAKER\RESUMEMAKER\DEBUG\RESUMEMAKER.EXE.INTERMEDIATE.MANIFEST
D:\PROGRAMS\GITHUB\RESUME-MAKER\RESUMEMAKER\RESUMEMAKER\DEBUG\VC100.PDB
